CRITICAL - 2022-09-04 18:24:38 --> Invalid file: home.php
in SYSTEMPATH/Exceptions/FrameworkException.php on line 33.
 1 SYSTEMPATH/View/View.php(201): CodeIgniter\Exceptions\FrameworkException::forInvalidFile('home.php')
 2 SYSTEMPATH/Common.php(1142): CodeIgniter\View\View->render('home', [], true)
 3 APPPATH/Controllers/Home.php(9): view('home')
 4 SYSTEMPATH/CodeIgniter.php(904): App\Controllers\Home->index()
 5 SYSTEMPATH/CodeIgniter.php(457): CodeIgniter\CodeIgniter->runController(Object(App\Controllers\Home))
 6 SYSTEMPATH/CodeIgniter.php(340): CodeIgniter\CodeIgniter->handleRequest(null, Object(Config\Cache), false)
 7 FCPATH/index.php(67): CodeIgniter\CodeIgniter->run()
 8 SYSTEMPATH/Commands/Server/rewrite.php(43): require_once('FCPATH/index.php')
CRITICAL - 2022-09-04 19:16:55 --> Undefined variable $request
in APPPATH/Controllers/Blast.php on line 12.
 1 APPPATH/Controllers/Blast.php(12): CodeIgniter\Debug\Exceptions->errorHandler(2, 'Undefined variable $request', 'APPPATH/Controllers/Blast.php', 12)
 2 SYSTEMPATH/CodeIgniter.php(904): App\Controllers\Blast->blastp()
 3 SYSTEMPATH/CodeIgniter.php(457): CodeIgniter\CodeIgniter->runController(Object(App\Controllers\Blast))
 4 SYSTEMPATH/CodeIgniter.php(340): CodeIgniter\CodeIgniter->handleRequest(null, Object(Config\Cache), false)
 5 FCPATH/index.php(67): CodeIgniter\CodeIgniter->run()
 6 SYSTEMPATH/Commands/Server/rewrite.php(43): require_once('FCPATH/index.php')
CRITICAL - 2022-09-04 19:17:37 --> Call to undefined method CodeIgniter\HTTP\IncomingRequest::input()
in APPPATH/Controllers/Blast.php on line 12.
 1 SYSTEMPATH/CodeIgniter.php(904): App\Controllers\Blast->blastp()
 2 SYSTEMPATH/CodeIgniter.php(457): CodeIgniter\CodeIgniter->runController(Object(App\Controllers\Blast))
 3 SYSTEMPATH/CodeIgniter.php(340): CodeIgniter\CodeIgniter->handleRequest(null, Object(Config\Cache), false)
 4 FCPATH/index.php(67): CodeIgniter\CodeIgniter->run()
 5 SYSTEMPATH/Commands/Server/rewrite.php(43): require_once('FCPATH/index.php')
CRITICAL - 2022-09-04 19:17:42 --> Call to undefined method CodeIgniter\HTTP\IncomingRequest::input()
in APPPATH/Controllers/Blast.php on line 12.
 1 SYSTEMPATH/CodeIgniter.php(904): App\Controllers\Blast->blastp()
 2 SYSTEMPATH/CodeIgniter.php(457): CodeIgniter\CodeIgniter->runController(Object(App\Controllers\Blast))
 3 SYSTEMPATH/CodeIgniter.php(340): CodeIgniter\CodeIgniter->handleRequest(null, Object(Config\Cache), false)
 4 FCPATH/index.php(67): CodeIgniter\CodeIgniter->run()
 5 SYSTEMPATH/Commands/Server/rewrite.php(43): require_once('FCPATH/index.php')
CRITICAL - 2022-09-04 19:35:05 --> Undefined variable $resultado
in APPPATH/Views/home.php on line 19.
 1 APPPATH/Views/home.php(19): CodeIgniter\Debug\Exceptions->errorHandler(2, 'Undefined variable $resultado', 'APPPATH/Views/home.php', 19)
 2 SYSTEMPATH/View/View.php(213): include('APPPATH/Views/home.php')
 3 SYSTEMPATH/View/View.php(216): CodeIgniter\View\View->CodeIgniter\View\{closure}()
 4 SYSTEMPATH/Common.php(1142): CodeIgniter\View\View->render('home', [], true)
 5 APPPATH/Controllers/Home.php(9): view('home')
 6 SYSTEMPATH/CodeIgniter.php(904): App\Controllers\Home->index()
 7 SYSTEMPATH/CodeIgniter.php(457): CodeIgniter\CodeIgniter->runController(Object(App\Controllers\Home))
 8 SYSTEMPATH/CodeIgniter.php(340): CodeIgniter\CodeIgniter->handleRequest(null, Object(Config\Cache), false)
 9 FCPATH/index.php(67): CodeIgniter\CodeIgniter->run()
10 SYSTEMPATH/Commands/Server/rewrite.php(43): require_once('FCPATH/index.php')
CRITICAL - 2022-09-04 19:35:06 --> Undefined variable $resultado
in APPPATH/Views/home.php on line 19.
 1 APPPATH/Views/home.php(19): CodeIgniter\Debug\Exceptions->errorHandler(2, 'Undefined variable $resultado', 'APPPATH/Views/home.php', 19)
 2 SYSTEMPATH/View/View.php(213): include('APPPATH/Views/home.php')
 3 SYSTEMPATH/View/View.php(216): CodeIgniter\View\View->CodeIgniter\View\{closure}()
 4 SYSTEMPATH/Common.php(1142): CodeIgniter\View\View->render('home', [], true)
 5 APPPATH/Controllers/Home.php(9): view('home')
 6 SYSTEMPATH/CodeIgniter.php(904): App\Controllers\Home->index()
 7 SYSTEMPATH/CodeIgniter.php(457): CodeIgniter\CodeIgniter->runController(Object(App\Controllers\Home))
 8 SYSTEMPATH/CodeIgniter.php(340): CodeIgniter\CodeIgniter->handleRequest(null, Object(Config\Cache), false)
 9 FCPATH/index.php(67): CodeIgniter\CodeIgniter->run()
10 SYSTEMPATH/Commands/Server/rewrite.php(43): require_once('FCPATH/index.php')
